{"/Users/richardlee/front-end-capstone/client/src/components/App.jsx": {"path":"/Users/richardlee/front-end-capstone/client/src/components/App.jsx","statementMap":{"0":{"start":{"line":19,"column":4},"end":{"line":19,"column":12}},"1":{"start":{"line":20,"column":4},"end":{"line":29,"column":6}},"2":{"start":{"line":30,"column":4},"end":{"line":30,"column":49}},"3":{"start":{"line":31,"column":4},"end":{"line":31,"column":65}},"4":{"start":{"line":32,"column":4},"end":{"line":32,"column":63}},"5":{"start":{"line":36,"column":25},"end":{"line":49,"column":5}},"6":{"start":{"line":37,"column":6},"end":{"line":47,"column":7}},"7":{"start":{"line":37,"column":19},"end":{"line":37,"column":20}},"8":{"start":{"line":38,"column":8},"end":{"line":46,"column":9}},"9":{"start":{"line":39,"column":30},"end":{"line":39,"column":42}},"10":{"start":{"line":40,"column":27},"end":{"line":40,"column":43}},"11":{"start":{"line":41,"column":10},"end":{"line":45,"column":11}},"12":{"start":{"line":42,"column":12},"end":{"line":42,"column":36}},"13":{"start":{"line":43,"column":12},"end":{"line":43,"column":43}},"14":{"start":{"line":44,"column":12},"end":{"line":44,"column":43}},"15":{"start":{"line":48,"column":6},"end":{"line":48,"column":23}},"16":{"start":{"line":50,"column":26},"end":{"line":63,"column":5}},"17":{"start":{"line":51,"column":6},"end":{"line":61,"column":7}},"18":{"start":{"line":51,"column":19},"end":{"line":51,"column":20}},"19":{"start":{"line":52,"column":8},"end":{"line":60,"column":9}},"20":{"start":{"line":53,"column":30},"end":{"line":53,"column":42}},"21":{"start":{"line":54,"column":27},"end":{"line":54,"column":43}},"22":{"start":{"line":55,"column":10},"end":{"line":59,"column":11}},"23":{"start":{"line":56,"column":12},"end":{"line":56,"column":36}},"24":{"start":{"line":57,"column":12},"end":{"line":57,"column":43}},"25":{"start":{"line":58,"column":12},"end":{"line":58,"column":44}},"26":{"start":{"line":62,"column":6},"end":{"line":62,"column":23}},"27":{"start":{"line":65,"column":4},"end":{"line":74,"column":9}},"28":{"start":{"line":67,"column":8},"end":{"line":67,"column":53}},"29":{"start":{"line":68,"column":8},"end":{"line":70,"column":9}},"30":{"start":{"line":69,"column":10},"end":{"line":69,"column":56}},"31":{"start":{"line":73,"column":8},"end":{"line":73,"column":25}},"32":{"start":{"line":76,"column":4},"end":{"line":114,"column":9}},"33":{"start":{"line":78,"column":8},"end":{"line":78,"column":35}},"34":{"start":{"line":79,"column":8},"end":{"line":79,"column":63}},"35":{"start":{"line":80,"column":8},"end":{"line":91,"column":9}},"36":{"start":{"line":80,"column":21},"end":{"line":80,"column":22}},"37":{"start":{"line":81,"column":10},"end":{"line":90,"column":15}},"38":{"start":{"line":83,"column":14},"end":{"line":83,"column":55}},"39":{"start":{"line":84,"column":14},"end":{"line":84,"column":67}},"40":{"start":{"line":85,"column":14},"end":{"line":85,"column":63}},"41":{"start":{"line":86,"column":14},"end":{"line":86,"column":48}},"42":{"start":{"line":89,"column":14},"end":{"line":89,"column":33}},"43":{"start":{"line":93,"column":8},"end":{"line":110,"column":9}},"44":{"start":{"line":93,"column":21},"end":{"line":93,"column":22}},"45":{"start":{"line":94,"column":10},"end":{"line":109,"column":15}},"46":{"start":{"line":96,"column":14},"end":{"line":104,"column":15}},"47":{"start":{"line":97,"column":16},"end":{"line":97,"column":141}},"48":{"start":{"line":98,"column":16},"end":{"line":98,"column":62}},"49":{"start":{"line":100,"column":16},"end":{"line":100,"column":62}},"50":{"start":{"line":101,"column":16},"end":{"line":103,"column":19}},"51":{"start":{"line":105,"column":14},"end":{"line":105,"column":54}},"52":{"start":{"line":108,"column":14},"end":{"line":108,"column":33}},"53":{"start":{"line":113,"column":8},"end":{"line":113,"column":25}},"54":{"start":{"line":118,"column":28},"end":{"line":118,"column":38}},"55":{"start":{"line":119,"column":4},"end":{"line":119,"column":55}},"56":{"start":{"line":120,"column":4},"end":{"line":120,"column":50}},"57":{"start":{"line":121,"column":4},"end":{"line":127,"column":9}},"58":{"start":{"line":123,"column":8},"end":{"line":123,"column":30}},"59":{"start":{"line":126,"column":8},"end":{"line":126,"column":27}},"60":{"start":{"line":131,"column":4},"end":{"line":131,"column":32}},"61":{"start":{"line":132,"column":4},"end":{"line":132,"column":37}},"62":{"start":{"line":133,"column":4},"end":{"line":133,"column":53}},"63":{"start":{"line":137,"column":22},"end":{"line":137,"column":49}},"64":{"start":{"line":138,"column":4},"end":{"line":144,"column":9}},"65":{"start":{"line":140,"column":8},"end":{"line":140,"column":35}},"66":{"start":{"line":143,"column":8},"end":{"line":143,"column":27}},"67":{"start":{"line":145,"column":4},"end":{"line":145,"column":34}},"68":{"start":{"line":146,"column":4},"end":{"line":148,"column":5}},"69":{"start":{"line":147,"column":6},"end":{"line":147,"column":50}},"70":{"start":{"line":149,"column":4},"end":{"line":149,"column":57}},"71":{"start":{"line":153,"column":4},"end":{"line":158,"column":5}},"72":{"start":{"line":153,"column":17},"end":{"line":153,"column":18}},"73":{"start":{"line":154,"column":6},"end":{"line":157,"column":7}},"74":{"start":{"line":155,"column":8},"end":{"line":155,"column":102}},"75":{"start":{"line":156,"column":8},"end":{"line":156,"column":68}},"76":{"start":{"line":159,"column":4},"end":{"line":190,"column":6}}},"fnMap":{"0":{"name":"(anonymous_0)","decl":{"start":{"line":18,"column":2},"end":{"line":18,"column":3}},"loc":{"start":{"line":18,"column":16},"end":{"line":33,"column":3}},"line":18},"1":{"name":"(anonymous_1)","decl":{"start":{"line":35,"column":2},"end":{"line":35,"column":3}},"loc":{"start":{"line":35,"column":22},"end":{"line":115,"column":3}},"line":35},"2":{"name":"(anonymous_2)","decl":{"start":{"line":36,"column":25},"end":{"line":36,"column":26}},"loc":{"start":{"line":36,"column":40},"end":{"line":49,"column":5}},"line":36},"3":{"name":"(anonymous_3)","decl":{"start":{"line":50,"column":26},"end":{"line":50,"column":27}},"loc":{"start":{"line":50,"column":41},"end":{"line":63,"column":5}},"line":50},"4":{"name":"(anonymous_4)","decl":{"start":{"line":66,"column":12},"end":{"line":66,"column":13}},"loc":{"start":{"line":66,"column":26},"end":{"line":71,"column":7}},"line":66},"5":{"name":"(anonymous_5)","decl":{"start":{"line":72,"column":13},"end":{"line":72,"column":14}},"loc":{"start":{"line":72,"column":22},"end":{"line":74,"column":7}},"line":72},"6":{"name":"(anonymous_6)","decl":{"start":{"line":77,"column":12},"end":{"line":77,"column":13}},"loc":{"start":{"line":77,"column":26},"end":{"line":111,"column":7}},"line":77},"7":{"name":"(anonymous_7)","decl":{"start":{"line":82,"column":18},"end":{"line":82,"column":19}},"loc":{"start":{"line":82,"column":33},"end":{"line":87,"column":13}},"line":82},"8":{"name":"(anonymous_8)","decl":{"start":{"line":88,"column":19},"end":{"line":88,"column":20}},"loc":{"start":{"line":88,"column":30},"end":{"line":90,"column":13}},"line":88},"9":{"name":"(anonymous_9)","decl":{"start":{"line":95,"column":18},"end":{"line":95,"column":19}},"loc":{"start":{"line":95,"column":33},"end":{"line":106,"column":13}},"line":95},"10":{"name":"(anonymous_10)","decl":{"start":{"line":107,"column":19},"end":{"line":107,"column":20}},"loc":{"start":{"line":107,"column":30},"end":{"line":109,"column":13}},"line":107},"11":{"name":"(anonymous_11)","decl":{"start":{"line":112,"column":13},"end":{"line":112,"column":14}},"loc":{"start":{"line":112,"column":22},"end":{"line":114,"column":7}},"line":112},"12":{"name":"(anonymous_12)","decl":{"start":{"line":117,"column":2},"end":{"line":117,"column":3}},"loc":{"start":{"line":117,"column":15},"end":{"line":128,"column":3}},"line":117},"13":{"name":"(anonymous_13)","decl":{"start":{"line":122,"column":12},"end":{"line":122,"column":13}},"loc":{"start":{"line":122,"column":26},"end":{"line":124,"column":7}},"line":122},"14":{"name":"(anonymous_14)","decl":{"start":{"line":125,"column":13},"end":{"line":125,"column":14}},"loc":{"start":{"line":125,"column":24},"end":{"line":127,"column":7}},"line":125},"15":{"name":"(anonymous_15)","decl":{"start":{"line":130,"column":2},"end":{"line":130,"column":3}},"loc":{"start":{"line":130,"column":23},"end":{"line":134,"column":3}},"line":130},"16":{"name":"(anonymous_16)","decl":{"start":{"line":136,"column":2},"end":{"line":136,"column":3}},"loc":{"start":{"line":136,"column":22},"end":{"line":150,"column":3}},"line":136},"17":{"name":"(anonymous_17)","decl":{"start":{"line":139,"column":12},"end":{"line":139,"column":13}},"loc":{"start":{"line":139,"column":26},"end":{"line":141,"column":7}},"line":139},"18":{"name":"(anonymous_18)","decl":{"start":{"line":142,"column":13},"end":{"line":142,"column":14}},"loc":{"start":{"line":142,"column":24},"end":{"line":144,"column":7}},"line":142},"19":{"name":"(anonymous_19)","decl":{"start":{"line":152,"column":2},"end":{"line":152,"column":3}},"loc":{"start":{"line":152,"column":11},"end":{"line":191,"column":3}},"line":152}},"branchMap":{"0":{"loc":{"start":{"line":38,"column":8},"end":{"line":46,"column":9}},"type":"if","locations":[{"start":{"line":38,"column":8},"end":{"line":46,"column":9}},{"start":{"line":38,"column":8},"end":{"line":46,"column":9}}],"line":38},"1":{"loc":{"start":{"line":41,"column":10},"end":{"line":45,"column":11}},"type":"if","locations":[{"start":{"line":41,"column":10},"end":{"line":45,"column":11}},{"start":{"line":41,"column":10},"end":{"line":45,"column":11}}],"line":41},"2":{"loc":{"start":{"line":52,"column":8},"end":{"line":60,"column":9}},"type":"if","locations":[{"start":{"line":52,"column":8},"end":{"line":60,"column":9}},{"start":{"line":52,"column":8},"end":{"line":60,"column":9}}],"line":52},"3":{"loc":{"start":{"line":55,"column":10},"end":{"line":59,"column":11}},"type":"if","locations":[{"start":{"line":55,"column":10},"end":{"line":59,"column":11}},{"start":{"line":55,"column":10},"end":{"line":59,"column":11}}],"line":55},"4":{"loc":{"start":{"line":68,"column":8},"end":{"line":70,"column":9}},"type":"if","locations":[{"start":{"line":68,"column":8},"end":{"line":70,"column":9}},{"start":{"line":68,"column":8},"end":{"line":70,"column":9}}],"line":68},"5":{"loc":{"start":{"line":96,"column":14},"end":{"line":104,"column":15}},"type":"if","locations":[{"start":{"line":96,"column":14},"end":{"line":104,"column":15}},{"start":{"line":96,"column":14},"end":{"line":104,"column":15}}],"line":96},"6":{"loc":{"start":{"line":146,"column":4},"end":{"line":148,"column":5}},"type":"if","locations":[{"start":{"line":146,"column":4},"end":{"line":148,"column":5}},{"start":{"line":146,"column":4},"end":{"line":148,"column":5}}],"line":146},"7":{"loc":{"start":{"line":154,"column":6},"end":{"line":157,"column":7}},"type":"if","locations":[{"start":{"line":154,"column":6},"end":{"line":157,"column":7}},{"start":{"line":154,"column":6},"end":{"line":157,"column":7}}],"line":154}},"s":{"0":4,"1":4,"2":4,"3":4,"4":4,"5":4,"6":0,"7":0,"8":0,"9":0,"10":0,"11":0,"12":0,"13":0,"14":0,"15":0,"16":4,"17":0,"18":0,"19":0,"20":0,"21":0,"22":0,"23":0,"24":0,"25":0,"26":0,"27":4,"28":0,"29":0,"30":0,"31":0,"32":4,"33":0,"34":0,"35":0,"36":0,"37":0,"38":0,"39":0,"40":0,"41":0,"42":0,"43":0,"44":0,"45":0,"46":0,"47":0,"48":0,"49":0,"50":0,"51":0,"52":0,"53":0,"54":0,"55":0,"56":0,"57":0,"58":0,"59":0,"60":0,"61":0,"62":0,"63":0,"64":0,"65":0,"66":0,"67":0,"68":0,"69":0,"70":0,"71":4,"72":4,"73":0,"74":0,"75":0,"76":4},"f":{"0":4,"1":4,"2":0,"3":0,"4":0,"5":0,"6":0,"7":0,"8":0,"9":0,"10":0,"11":0,"12":0,"13":0,"14":0,"15":0,"16":0,"17":0,"18":0,"19":4},"b":{"0":[0,0],"1":[0,0],"2":[0,0],"3":[0,0],"4":[0,0],"5":[0,0],"6":[0,0],"7":[0,0]},"_coverageSchema":"1a1c01bbd47fc00a2c39e90264f33305004495a9","hash":"48d55ef9d6441f431095e75213b8b64f3292d304"}
,"/Users/richardlee/front-end-capstone/client/src/components/ItemCard.jsx": {"path":"/Users/richardlee/front-end-capstone/client/src/components/ItemCard.jsx","statementMap":{"0":{"start":{"line":9,"column":2},"end":{"line":35,"column":4}}},"fnMap":{"0":{"name":"ItemCard","decl":{"start":{"line":8,"column":9},"end":{"line":8,"column":17}},"loc":{"start":{"line":8,"column":25},"end":{"line":36,"column":1}},"line":8}},"branchMap":{},"s":{"0":0},"f":{"0":0},"b":{},"_coverageSchema":"1a1c01bbd47fc00a2c39e90264f33305004495a9","hash":"c7930af6b3202ddcd5a50a22093bf94f1de984bd"}
,"/Users/richardlee/front-end-capstone/client/src/components/Modal.jsx": {"path":"/Users/richardlee/front-end-capstone/client/src/components/Modal.jsx","statementMap":{"0":{"start":{"line":14,"column":2},"end":{"line":113,"column":3}},"1":{"start":{"line":15,"column":21},"end":{"line":15,"column":38}},"2":{"start":{"line":16,"column":21},"end":{"line":16,"column":42}},"3":{"start":{"line":17,"column":23},"end":{"line":17,"column":25}},"4":{"start":{"line":19,"column":4},"end":{"line":35,"column":5}},"5":{"start":{"line":20,"column":6},"end":{"line":34,"column":8}},"6":{"start":{"line":37,"column":4},"end":{"line":43,"column":5}},"7":{"start":{"line":37,"column":17},"end":{"line":37,"column":18}},"8":{"start":{"line":38,"column":6},"end":{"line":42,"column":7}},"9":{"start":{"line":39,"column":8},"end":{"line":39,"column":51}},"10":{"start":{"line":41,"column":8},"end":{"line":41,"column":98}},"11":{"start":{"line":44,"column":4},"end":{"line":52,"column":5}},"12":{"start":{"line":44,"column":17},"end":{"line":44,"column":18}},"13":{"start":{"line":45,"column":6},"end":{"line":51,"column":7}},"14":{"start":{"line":46,"column":8},"end":{"line":46,"column":44}},"15":{"start":{"line":47,"column":13},"end":{"line":51,"column":7}},"16":{"start":{"line":48,"column":8},"end":{"line":48,"column":91}},"17":{"start":{"line":50,"column":8},"end":{"line":50,"column":86}},"18":{"start":{"line":54,"column":4},"end":{"line":112,"column":6}},"19":{"start":{"line":94,"column":14},"end":{"line":104,"column":20}},"20":{"start":{"line":114,"column":2},"end":{"line":128,"column":4}},"21":{"start":{"line":132,"column":36},"end":{"line":132,"column":51}},"22":{"start":{"line":134,"column":2},"end":{"line":147,"column":4}},"23":{"start":{"line":136,"column":79},"end":{"line":136,"column":97}},"24":{"start":{"line":144,"column":22},"end":{"line":144,"column":41}}},"fnMap":{"0":{"name":"MyModalWithGrid","decl":{"start":{"line":13,"column":9},"end":{"line":13,"column":24}},"loc":{"start":{"line":13,"column":32},"end":{"line":129,"column":1}},"line":13},"1":{"name":"(anonymous_1)","decl":{"start":{"line":93,"column":41},"end":{"line":93,"column":42}},"loc":{"start":{"line":94,"column":14},"end":{"line":104,"column":20}},"line":94},"2":{"name":"MyModal","decl":{"start":{"line":131,"column":9},"end":{"line":131,"column":16}},"loc":{"start":{"line":131,"column":24},"end":{"line":148,"column":1}},"line":131},"3":{"name":"(anonymous_3)","decl":{"start":{"line":136,"column":73},"end":{"line":136,"column":74}},"loc":{"start":{"line":136,"column":79},"end":{"line":136,"column":97}},"line":136},"4":{"name":"(anonymous_4)","decl":{"start":{"line":144,"column":16},"end":{"line":144,"column":17}},"loc":{"start":{"line":144,"column":22},"end":{"line":144,"column":41}},"line":144}},"branchMap":{"0":{"loc":{"start":{"line":14,"column":2},"end":{"line":113,"column":3}},"type":"if","locations":[{"start":{"line":14,"column":2},"end":{"line":113,"column":3}},{"start":{"line":14,"column":2},"end":{"line":113,"column":3}}],"line":14},"1":{"loc":{"start":{"line":19,"column":4},"end":{"line":35,"column":5}},"type":"if","locations":[{"start":{"line":19,"column":4},"end":{"line":35,"column":5}},{"start":{"line":19,"column":4},"end":{"line":35,"column":5}}],"line":19},"2":{"loc":{"start":{"line":38,"column":6},"end":{"line":42,"column":7}},"type":"if","locations":[{"start":{"line":38,"column":6},"end":{"line":42,"column":7}},{"start":{"line":38,"column":6},"end":{"line":42,"column":7}}],"line":38},"3":{"loc":{"start":{"line":45,"column":6},"end":{"line":51,"column":7}},"type":"if","locations":[{"start":{"line":45,"column":6},"end":{"line":51,"column":7}},{"start":{"line":45,"column":6},"end":{"line":51,"column":7}}],"line":45},"4":{"loc":{"start":{"line":47,"column":13},"end":{"line":51,"column":7}},"type":"if","locations":[{"start":{"line":47,"column":13},"end":{"line":51,"column":7}},{"start":{"line":47,"column":13},"end":{"line":51,"column":7}}],"line":47},"5":{"loc":{"start":{"line":99,"column":19},"end":{"line":99,"column":46}},"type":"binary-expr","locations":[{"start":{"line":99,"column":19},"end":{"line":99,"column":37}},{"start":{"line":99,"column":41},"end":{"line":99,"column":46}}],"line":99},"6":{"loc":{"start":{"line":102,"column":19},"end":{"line":102,"column":46}},"type":"binary-expr","locations":[{"start":{"line":102,"column":19},"end":{"line":102,"column":37}},{"start":{"line":102,"column":41},"end":{"line":102,"column":46}}],"line":102}},"s":{"0":0,"1":0,"2":0,"3":0,"4":0,"5":0,"6":0,"7":0,"8":0,"9":0,"10":0,"11":0,"12":0,"13":0,"14":0,"15":0,"16":0,"17":0,"18":0,"19":0,"20":0,"21":0,"22":0,"23":0,"24":0},"f":{"0":0,"1":0,"2":0,"3":0,"4":0},"b":{"0":[0,0],"1":[0,0],"2":[0,0],"3":[0,0],"4":[0,0],"5":[0,0],"6":[0,0]},"_coverageSchema":"1a1c01bbd47fc00a2c39e90264f33305004495a9","hash":"9cafe83c8f70e0408eb5049d8455301732c1a9ea"}
,"/Users/richardlee/front-end-capstone/client/src/components/RelatedProducts.jsx": {"path":"/Users/richardlee/front-end-capstone/client/src/components/RelatedProducts.jsx","statementMap":{"0":{"start":{"line":10,"column":19},"end":{"line":33,"column":1}},"1":{"start":{"line":11,"column":2},"end":{"line":31,"column":3}},"2":{"start":{"line":12,"column":4},"end":{"line":30,"column":6}},"3":{"start":{"line":17,"column":14},"end":{"line":25,"column":30}},"4":{"start":{"line":32,"column":2},"end":{"line":32,"column":27}}},"fnMap":{"0":{"name":"(anonymous_0)","decl":{"start":{"line":10,"column":19},"end":{"line":10,"column":20}},"loc":{"start":{"line":10,"column":30},"end":{"line":33,"column":1}},"line":10},"1":{"name":"(anonymous_1)","decl":{"start":{"line":16,"column":32},"end":{"line":16,"column":33}},"loc":{"start":{"line":17,"column":14},"end":{"line":25,"column":30}},"line":17}},"branchMap":{"0":{"loc":{"start":{"line":11,"column":2},"end":{"line":31,"column":3}},"type":"if","locations":[{"start":{"line":11,"column":2},"end":{"line":31,"column":3}},{"start":{"line":11,"column":2},"end":{"line":31,"column":3}}],"line":11}},"s":{"0":1,"1":0,"2":0,"3":0,"4":0},"f":{"0":0,"1":0},"b":{"0":[0,0]},"_coverageSchema":"1a1c01bbd47fc00a2c39e90264f33305004495a9","hash":"9bc6a8ce93209f35f39d34ff3b6824d754926661"}
,"/Users/richardlee/front-end-capstone/client/src/components/YourOutfit.jsx": {"path":"/Users/richardlee/front-end-capstone/client/src/components/YourOutfit.jsx","statementMap":{"0":{"start":{"line":14,"column":19},"end":{"line":65,"column":1}},"1":{"start":{"line":15,"column":2},"end":{"line":49,"column":3}},"2":{"start":{"line":16,"column":4},"end":{"line":47,"column":6}},"3":{"start":{"line":28,"column":18},"end":{"line":35,"column":34}},"4":{"start":{"line":50,"column":2},"end":{"line":64,"column":4}}},"fnMap":{"0":{"name":"(anonymous_0)","decl":{"start":{"line":14,"column":19},"end":{"line":14,"column":20}},"loc":{"start":{"line":14,"column":30},"end":{"line":65,"column":1}},"line":14},"1":{"name":"(anonymous_1)","decl":{"start":{"line":27,"column":36},"end":{"line":27,"column":37}},"loc":{"start":{"line":28,"column":18},"end":{"line":35,"column":34}},"line":28}},"branchMap":{"0":{"loc":{"start":{"line":15,"column":2},"end":{"line":49,"column":3}},"type":"if","locations":[{"start":{"line":15,"column":2},"end":{"line":49,"column":3}},{"start":{"line":15,"column":2},"end":{"line":49,"column":3}}],"line":15}},"s":{"0":1,"1":0,"2":0,"3":0,"4":0},"f":{"0":0,"1":0},"b":{"0":[0,0]},"_coverageSchema":"1a1c01bbd47fc00a2c39e90264f33305004495a9","hash":"ba07d96020e6b9d677ced687a4bbb293adf8641f"}
}
