TN:
SF:client/src/components/App.jsx
FN:18,(anonymous_0)
FN:35,(anonymous_1)
FN:36,(anonymous_2)
FN:50,(anonymous_3)
FN:66,(anonymous_4)
FN:72,(anonymous_5)
FN:77,(anonymous_6)
FN:81,(anonymous_7)
FN:87,(anonymous_8)
FN:94,(anonymous_9)
FN:106,(anonymous_10)
FN:111,(anonymous_11)
FN:116,(anonymous_12)
FN:121,(anonymous_13)
FN:124,(anonymous_14)
FN:129,(anonymous_15)
FN:135,(anonymous_16)
FN:138,(anonymous_17)
FN:141,(anonymous_18)
FN:151,(anonymous_19)
FNF:20
FNH:3
FNDA:1,(anonymous_0)
FNDA:1,(anonymous_1)
FNDA:0,(anonymous_2)
FNDA:0,(anonymous_3)
FNDA:0,(anonymous_4)
FNDA:0,(anonymous_5)
FNDA:0,(anonymous_6)
FNDA:0,(anonymous_7)
FNDA:0,(anonymous_8)
FNDA:0,(anonymous_9)
FNDA:0,(anonymous_10)
FNDA:0,(anonymous_11)
FNDA:0,(anonymous_12)
FNDA:0,(anonymous_13)
FNDA:0,(anonymous_14)
FNDA:0,(anonymous_15)
FNDA:0,(anonymous_16)
FNDA:0,(anonymous_17)
FNDA:0,(anonymous_18)
FNDA:1,(anonymous_19)
DA:19,1
DA:20,1
DA:30,1
DA:31,1
DA:32,1
DA:36,1
DA:37,0
DA:38,0
DA:39,0
DA:40,0
DA:41,0
DA:42,0
DA:43,0
DA:44,0
DA:48,0
DA:50,1
DA:51,0
DA:52,0
DA:53,0
DA:54,0
DA:55,0
DA:56,0
DA:57,0
DA:58,0
DA:62,0
DA:65,1
DA:67,0
DA:68,0
DA:69,0
DA:73,0
DA:76,1
DA:78,0
DA:79,0
DA:80,0
DA:82,0
DA:83,0
DA:84,0
DA:85,0
DA:88,0
DA:92,0
DA:93,0
DA:95,0
DA:96,0
DA:97,0
DA:99,0
DA:100,0
DA:104,0
DA:107,0
DA:112,0
DA:117,0
DA:118,0
DA:119,0
DA:120,0
DA:122,0
DA:125,0
DA:130,0
DA:131,0
DA:132,0
DA:136,0
DA:137,0
DA:139,0
DA:142,0
DA:144,0
DA:145,0
DA:146,0
DA:148,0
DA:152,1
DA:153,0
DA:154,0
DA:155,0
DA:158,1
LF:71
LH:11
BRDA:38,0,0,0
BRDA:38,0,1,0
BRDA:41,1,0,0
BRDA:41,1,1,0
BRDA:52,2,0,0
BRDA:52,2,1,0
BRDA:55,3,0,0
BRDA:55,3,1,0
BRDA:68,4,0,0
BRDA:68,4,1,0
BRDA:95,5,0,0
BRDA:95,5,1,0
BRDA:145,6,0,0
BRDA:145,6,1,0
BRDA:153,7,0,0
BRDA:153,7,1,0
BRF:16
BRH:0
end_of_record
TN:
SF:client/src/components/ItemCard.jsx
FN:8,ItemCard
FNF:1
FNH:0
FNDA:0,ItemCard
DA:9,0
LF:1
LH:0
BRF:0
BRH:0
end_of_record
TN:
SF:client/src/components/Modal.jsx
FN:13,MyModalWithGrid
FN:93,(anonymous_1)
FN:131,MyModal
FN:136,(anonymous_3)
FN:144,(anonymous_4)
FNF:5
FNH:0
FNDA:0,MyModalWithGrid
FNDA:0,(anonymous_1)
FNDA:0,MyModal
FNDA:0,(anonymous_3)
FNDA:0,(anonymous_4)
DA:14,0
DA:15,0
DA:16,0
DA:17,0
DA:19,0
DA:20,0
DA:37,0
DA:38,0
DA:39,0
DA:41,0
DA:44,0
DA:45,0
DA:46,0
DA:47,0
DA:48,0
DA:50,0
DA:54,0
DA:94,0
DA:114,0
DA:132,0
DA:134,0
DA:136,0
DA:144,0
LF:23
LH:0
BRDA:14,0,0,0
BRDA:14,0,1,0
BRDA:19,1,0,0
BRDA:19,1,1,0
BRDA:38,2,0,0
BRDA:38,2,1,0
BRDA:45,3,0,0
BRDA:45,3,1,0
BRDA:47,4,0,0
BRDA:47,4,1,0
BRDA:99,5,0,0
BRDA:99,5,1,0
BRDA:102,6,0,0
BRDA:102,6,1,0
BRF:14
BRH:0
end_of_record
TN:
SF:client/src/components/RelatedProducts.jsx
FN:10,(anonymous_0)
FN:16,(anonymous_1)
FNF:2
FNH:0
FNDA:0,(anonymous_0)
FNDA:0,(anonymous_1)
DA:10,1
DA:11,0
DA:12,0
DA:17,0
DA:32,0
LF:5
LH:1
BRDA:11,0,0,0
BRDA:11,0,1,0
BRF:2
BRH:0
end_of_record
TN:
SF:client/src/components/YourOutfit.jsx
FN:14,(anonymous_0)
FN:27,(anonymous_1)
FNF:2
FNH:0
FNDA:0,(anonymous_0)
FNDA:0,(anonymous_1)
DA:14,1
DA:15,0
DA:16,0
DA:28,0
DA:50,0
LF:5
LH:1
BRDA:15,0,0,0
BRDA:15,0,1,0
BRF:2
BRH:0
end_of_record
